<?xml version="1.0" encoding="UTF-8"?>
<testsuite xmlns:xsi="http://www.w3.org/2001/XMLSchema-instance" xsi:noNamespaceSchemaLocation="https://maven.apache.org/surefire/maven-surefire-plugin/xsd/surefire-test-report.xsd" name="CellTest" time="0.054" tests="8" errors="0" skipped="0" failures="1">
  <properties>
[...]
</properties>
  <testcase name="getLac" classname="CellTest" time="0.002"/>
  <testcase name="getPsc" classname="CellTest" time="0"/>
  <testcase name="getRnc" classname="CellTest" time="0"/>
  <testcase name="getCellList_NO_NULL" classname="CellTest" time="0"/>
  <testcase name="addToCellList" classname="CellTest" time="0"/>
  <testcase name="getCellId" classname="CellTest" time="0"/>
  <testcase name="getCellList" classname="CellTest" time="0.006">
    <failure message="expected:&lt;[]&gt; but was:&lt;[com.pavelk.cells.Cell@3c679bde, com.pavelk.cells.Cell@16b4a017, com.pavelk.cells.Cell@8807e25]&gt;" type="java.lang.AssertionError"><![CDATA[java.lang.AssertionError: expected:<[]> but was:<[com.pavelk.cells.Cell@3c679bde, com.pavelk.cells.Cell@16b4a017, com.pavelk.cells.Cell@8807e25]>
	at CellTest.getCellList(CellTest.java:33)
]]></failure>
  </testcase>
  <testcase name="getCellName" classname="CellTest" time="0"/>
</testsuite>